d:\mfc_calculator\mfc_calculator\x64\debug\mfc_calculator.pch
d:\mfc_calculator\mfc_calculator\x64\debug\vc141.pdb
d:\mfc_calculator\mfc_calculator\x64\debug\vc141.idb
d:\mfc_calculator\mfc_calculator\x64\debug\pch.obj
d:\mfc_calculator\mfc_calculator\x64\debug\mfc_calculatordlg.obj
d:\mfc_calculator\mfc_calculator\x64\debug\mfc_calculator.obj
d:\mfc_calculator\mfc_calculator\x64\debug\calculator.obj
d:\mfc_calculator\mfc_calculator\x64\debug\mfccalculator.res
d:\mfc_calculator\x64\debug\mfc_calculator.pdb
d:\mfc_calculator\mfc_calculator\x64\debug\mfc_calculator.tlog\cl.command.1.tlog
d:\mfc_calculator\mfc_calculator\x64\debug\mfc_calculator.tlog\cl.read.1.tlog
d:\mfc_calculator\mfc_calculator\x64\debug\mfc_calculator.tlog\cl.write.1.tlog
d:\mfc_calculator\mfc_calculator\x64\debug\mfc_calculator.tlog\link-cvtres.read.1.tlog
d:\mfc_calculator\mfc_calculator\x64\debug\mfc_calculator.tlog\link-cvtres.write.1.tlog
d:\mfc_calculator\mfc_calculator\x64\debug\mfc_calculator.tlog\link-mt.read.1.tlog
d:\mfc_calculator\mfc_calculator\x64\debug\mfc_calculator.tlog\link-mt.write.1.tlog
d:\mfc_calculator\mfc_calculator\x64\debug\mfc_calculator.tlog\link-rc.read.1.tlog
d:\mfc_calculator\mfc_calculator\x64\debug\mfc_calculator.tlog\link-rc.write.1.tlog
d:\mfc_calculator\mfc_calculator\x64\debug\mfc_calculator.tlog\link.3104-cvtres.read.1.tlog
d:\mfc_calculator\mfc_calculator\x64\debug\mfc_calculator.tlog\link.3104-cvtres.write.1.tlog
d:\mfc_calculator\mfc_calculator\x64\debug\mfc_calculator.tlog\link.3104-mt.read.1.tlog
d:\mfc_calculator\mfc_calculator\x64\debug\mfc_calculator.tlog\link.3104-mt.write.1.tlog
d:\mfc_calculator\mfc_calculator\x64\debug\mfc_calculator.tlog\link.3104-rc.read.1.tlog
d:\mfc_calculator\mfc_calculator\x64\debug\mfc_calculator.tlog\link.3104-rc.write.1.tlog
d:\mfc_calculator\mfc_calculator\x64\debug\mfc_calculator.tlog\link.3104.read.1.tlog
d:\mfc_calculator\mfc_calculator\x64\debug\mfc_calculator.tlog\link.3104.write.1.tlog
d:\mfc_calculator\mfc_calculator\x64\debug\mfc_calculator.tlog\link.command.1.tlog
d:\mfc_calculator\mfc_calculator\x64\debug\mfc_calculator.tlog\link.read.1.tlog
d:\mfc_calculator\mfc_calculator\x64\debug\mfc_calculator.tlog\link.write.1.tlog
d:\mfc_calculator\mfc_calculator\x64\debug\mfc_calculator.tlog\rc.command.1.tlog
d:\mfc_calculator\mfc_calculator\x64\debug\mfc_calculator.tlog\rc.read.1.tlog
d:\mfc_calculator\mfc_calculator\x64\debug\mfc_calculator.tlog\rc.write.1.tlog
